2012-03-26 18:55:10,500 [com.chinamobile.cmpp2_0.protocol.PChannel]-[INFO] 尝试连接远端服务器211.140.12.45:7890
2012-03-26 18:55:11,265 [com.chinamobile.cmpp2_0.protocol.PChannel]-[INFO] ------------------发送登陆包
2012-03-26 18:55:11,281 [com.chinamobile.cmpp2_0.protocol.PChannel]-[INFO] 登陆消息字节码：0000002700000001000000013931313333372a175fdb2c57fa1e2b4e0053b47e00842013713227
2012-03-26 18:55:11,281 [com.chinamobile.cmpp2_0.protocol.PChannel]-[INFO] 
---------------ConnectMessage---------------------
TotalLength: 39 SequenceID : 1 CommandID :CMPP_CONNECT
SPID:911337	Secret:Q61132	Version:v2.0
--------------------------------------------------

2012-03-26 18:55:11,937 [com.chinamobile.cmpp2_0.protocol.PChannel]-[INFO] 登陆回应消息字节码：0000001e8000000100000001020000000000000000000000000000000021
2012-03-26 18:55:11,937 [com.chinamobile.cmpp2_0.protocol.PChannel]-[INFO] 
---------------ConnectRespMessage-------------------
TotalLength: 30 SequenceID : 1 CommandID :CMPP_CONNECT_RESP
Status: 非法源地址(2)  ServerVersion :v2.1
----------------------------------------------------

2012-03-26 18:55:11,937 [com.chinamobile.cmpp2_0.protocol.PChannel]-[INFO] 登陆失败，尝试 1 次 登陆到 211.140.12.45 ：7890
2012-03-26 18:55:41,218 [com.chinamobile.cmpp2_0.protocol.PChannel]-[INFO] 尝试连接远端服务器211.140.12.45:7890
2012-03-26 18:55:41,500 [com.chinamobile.cmpp2_0.protocol.PChannel]-[INFO] ------------------发送登陆包
2012-03-26 18:55:41,500 [com.chinamobile.cmpp2_0.protocol.PChannel]-[INFO] 登陆消息字节码：0000002700000001000000013931313333373cc4b9fe35ad9116b15a0e80017478ea2013713245
2012-03-26 18:55:41,500 [com.chinamobile.cmpp2_0.protocol.PChannel]-[INFO] 
---------------ConnectMessage---------------------
TotalLength: 39 SequenceID : 1 CommandID :CMPP_CONNECT
SPID:911337	Secret:Q61704	Version:v2.0
--------------------------------------------------

2012-03-26 18:55:45,796 [com.chinamobile.cmpp2_0.protocol.PChannel]-[INFO] 登陆回应消息字节码：0000001e8000000100000001020000000000000000000000000000000021
2012-03-26 18:55:45,796 [com.chinamobile.cmpp2_0.protocol.PChannel]-[INFO] 
---------------ConnectRespMessage-------------------
TotalLength: 30 SequenceID : 1 CommandID :CMPP_CONNECT_RESP
Status: 非法源地址(2)  ServerVersion :v2.1
----------------------------------------------------

2012-03-26 18:55:45,796 [com.chinamobile.cmpp2_0.protocol.PChannel]-[INFO] 登陆失败，尝试 1 次 登陆到 211.140.12.45 ：7890
