2012-04-16 23:11:46,484 [com.chinamobile.cmpp2_0.protocol.PChannel]-[INFO] 通道未初始化，初始化通道...
2012-04-16 23:11:46,640 [com.chinamobile.cmpp2_0.protocol.PChannel]-[INFO] 尝试连接远端服务器211.140.12.45:7890
2012-04-16 23:11:46,640 [com.chinamobile.cmpp2_0.protocol.PChannel]-[INFO] 尝试连接远端服务器211.140.12.45:7890
2012-04-16 23:11:47,156 [com.chinamobile.cmpp2_0.protocol.PChannel]-[INFO] ------------------发送登陆包
2012-04-16 23:11:47,156 [com.chinamobile.cmpp2_0.protocol.PChannel]-[INFO] 登陆消息字节码：000000270000000100000001513631373034c8e70a4451bc55955e8d4054d353c0362018cf2eeb
2012-04-16 23:11:47,156 [com.chinamobile.cmpp2_0.protocol.PChannel]-[INFO] 
---------------ConnectMessage---------------------
TotalLength: 39 SequenceID : 1 CommandID :CMPP_CONNECT
Source_Addr:Q61704	Secret:kki890	Version:v2.0
--------------------------------------------------

2012-04-16 23:11:50,343 [com.chinamobile.cmpp2_0.protocol.PChannel]-[INFO] TotalLength:30
CommmandID:CMPP_CONNECT_RESP
SequenceID:1
RecvTime:Mon Apr 16 23:11:50 CST 2012

2012-04-16 23:11:50,421 [com.chinamobile.cmpp2_0.protocol.PChannel]-[INFO] 登陆回应消息字节码：0000001e8000000100000001390000000000000000000000000000000021
2012-04-16 23:11:50,421 [com.chinamobile.cmpp2_0.protocol.PChannel]-[INFO] 
---------------ConnectRespMessage-------------------
TotalLength: 30 SequenceID : 1 CommandID :CMPP_CONNECT_RESP
Status: 其他错误(57)  ServerVersion :v2.1
----------------------------------------------------

2012-04-16 23:11:50,421 [com.chinamobile.cmpp2_0.protocol.PChannel]-[INFO] 登陆失败，尝试 1 次 登陆到 211.140.12.45 ：7890
2012-04-16 23:12:37,234 [com.chinamobile.cmpp2_0.protocol.PChannel]-[INFO] 通道未初始化，初始化通道...
2012-04-16 23:12:37,234 [com.chinamobile.cmpp2_0.protocol.PChannel]-[INFO] 尝试连接远端服务器211.140.12.44:7890
2012-04-16 23:12:37,234 [com.chinamobile.cmpp2_0.protocol.PChannel]-[INFO] 尝试连接远端服务器211.140.12.44:7890
2012-04-16 23:12:40,515 [com.chinamobile.cmpp2_0.protocol.PChannel]-[INFO] ------------------发送登陆包
2012-04-16 23:12:40,515 [com.chinamobile.cmpp2_0.protocol.PChannel]-[INFO] 登陆消息字节码：00000027000000010000000151363137303474fd8f93fd7eb5653f0bc388fb0405c72018cf2f48
2012-04-16 23:12:40,515 [com.chinamobile.cmpp2_0.protocol.PChannel]-[INFO] 
---------------ConnectMessage---------------------
TotalLength: 39 SequenceID : 1 CommandID :CMPP_CONNECT
Source_Addr:Q61704	Secret:kki890	Version:v2.0
--------------------------------------------------

2012-04-16 23:12:49,812 [com.chinamobile.cmpp2_0.protocol.PChannel]-[INFO] TotalLength:30
CommmandID:CMPP_CONNECT_RESP
SequenceID:1
RecvTime:Mon Apr 16 23:12:49 CST 2012

2012-04-16 23:12:49,812 [com.chinamobile.cmpp2_0.protocol.PChannel]-[INFO] 登陆回应消息字节码：0000001e8000000100000001390000000000000000000000000000000021
2012-04-16 23:12:49,812 [com.chinamobile.cmpp2_0.protocol.PChannel]-[INFO] 
---------------ConnectRespMessage-------------------
TotalLength: 30 SequenceID : 1 CommandID :CMPP_CONNECT_RESP
Status: 其他错误(57)  ServerVersion :v2.1
----------------------------------------------------

2012-04-16 23:12:49,828 [com.chinamobile.cmpp2_0.protocol.PChannel]-[INFO] 登陆失败，尝试 1 次 登陆到 211.140.12.44 ：7890
2012-04-16 23:14:31,140 [com.chinamobile.cmpp2_0.protocol.PChannel]-[INFO] 通道未初始化，初始化通道...
2012-04-16 23:14:31,140 [com.chinamobile.cmpp2_0.protocol.PChannel]-[INFO] 尝试连接远端服务器211.140.12.111:7890
2012-04-16 23:14:31,140 [com.chinamobile.cmpp2_0.protocol.PChannel]-[INFO] 尝试连接远端服务器211.140.12.111:7890
2012-04-16 23:14:52,140 [com.chinamobile.cmpp2_0.protocol.PChannel]-[ERROR] 
java.net.ConnectException: Connection timed out: connect
	at java.net.PlainSocketImpl.socketConnect(Native Method)
	at java.net.PlainSocketImpl.doConnect(PlainSocketImpl.java:333)
	at java.net.PlainSocketImpl.connectToAddress(PlainSocketImpl.java:195)
	at java.net.PlainSocketImpl.connect(PlainSocketImpl.java:182)
	at java.net.SocksSocketImpl.connect(SocksSocketImpl.java:366)
	at java.net.Socket.connect(Socket.java:525)
	at java.net.Socket.connect(Socket.java:475)
	at java.net.Socket.<init>(Socket.java:372)
	at java.net.Socket.<init>(Socket.java:186)
	at com.chinamobile.cmpp2_0.protocol.PChannel.createSocket(PChannel.java:121)
	at com.chinamobile.cmpp2_0.protocol.PChannel.login(PChannel.java:177)
	at com.chinamobile.cmpp2_0.protocol.PChannel.doConnect(PChannel.java:361)
	at com.chinamobile.cmpp2_0.protocol.PChannel.getInputStream(PChannel.java:396)
	at com.chinamobile.cmpp2_0.protocol.PChannel.readPacket(PChannel.java:492)
	at com.chinamobile.cmpp2_0.protocol.PChannel.main(PChannel.java:552)
2012-04-16 23:14:52,156 [com.chinamobile.cmpp2_0.protocol.PChannel]-[ERROR] 创建Socket连接失败
2012-04-16 23:14:52,156 [com.chinamobile.cmpp2_0.protocol.PChannel]-[INFO] 登陆失败，尝试 1 次 登陆到 211.140.12.111 ：7890
2012-04-16 23:20:48,593 [com.chinamobile.cmpp2_0.protocol.PChannel]-[INFO] 通道未初始化，初始化通道...
2012-04-16 23:20:48,593 [com.chinamobile.cmpp2_0.protocol.PChannel]-[INFO] 尝试连接远端服务器211.140.12.111:7890
2012-04-16 23:21:09,625 [com.chinamobile.cmpp2_0.protocol.PChannel]-[ERROR] 
java.net.ConnectException: Connection timed out: connect
	at java.net.PlainSocketImpl.socketConnect(Native Method)
	at java.net.PlainSocketImpl.doConnect(PlainSocketImpl.java:333)
	at java.net.PlainSocketImpl.connectToAddress(PlainSocketImpl.java:195)
	at java.net.PlainSocketImpl.connect(PlainSocketImpl.java:182)
	at java.net.SocksSocketImpl.connect(SocksSocketImpl.java:366)
	at java.net.Socket.connect(Socket.java:525)
	at java.net.Socket.connect(Socket.java:475)
	at java.net.Socket.<init>(Socket.java:372)
	at java.net.Socket.<init>(Socket.java:186)
	at com.chinamobile.cmpp2_0.protocol.PChannel.createSocket(PChannel.java:121)
	at com.chinamobile.cmpp2_0.protocol.PChannel.login(PChannel.java:176)
	at com.chinamobile.cmpp2_0.protocol.PChannel.doConnect(PChannel.java:361)
	at com.chinamobile.cmpp2_0.protocol.PChannel.getInputStream(PChannel.java:396)
	at com.chinamobile.cmpp2_0.protocol.PChannel.readPacket(PChannel.java:492)
	at com.chinamobile.cmpp2_0.protocol.PChannel.main(PChannel.java:552)
2012-04-16 23:21:09,625 [com.chinamobile.cmpp2_0.protocol.PChannel]-[ERROR] 创建Socket连接211.140.12.111,7890失败,请检查配置
2012-04-16 23:21:09,625 [com.chinamobile.cmpp2_0.protocol.PChannel]-[INFO] 登陆失败，尝试 1 次 登陆到 211.140.12.111 ：7890
2012-04-16 23:21:19,625 [com.chinamobile.cmpp2_0.protocol.PChannel]-[INFO] 尝试连接远端服务器211.140.12.111:7890
2012-04-16 23:22:00,000 [com.chinamobile.cmpp2_0.protocol.PChannel]-[INFO] 通道未初始化，初始化通道...
2012-04-16 23:22:00,000 [com.chinamobile.cmpp2_0.protocol.PChannel]-[INFO] 尝试连接远端服务器211.140.12.45:7890
2012-04-16 23:22:03,187 [com.chinamobile.cmpp2_0.protocol.PChannel]-[INFO] ------------------发送登陆包
2012-04-16 23:22:03,203 [com.chinamobile.cmpp2_0.protocol.PChannel]-[INFO] 登陆消息字节码：00000027000000010000000151363137303436147d47f3a725c89c2421c4113026922018cf330b
2012-04-16 23:22:03,203 [com.chinamobile.cmpp2_0.protocol.PChannel]-[INFO] 
---------------ConnectMessage---------------------
TotalLength: 39 SequenceID : 1 CommandID :CMPP_CONNECT
Source_Addr:Q61704	Secret:kki890	Version:v2.0
--------------------------------------------------

2012-04-16 23:22:04,687 [com.chinamobile.cmpp2_0.protocol.PChannel]-[INFO] TotalLength:30
CommmandID:CMPP_CONNECT_RESP
SequenceID:1
RecvTime:Mon Apr 16 23:22:04 CST 2012

2012-04-16 23:22:04,687 [com.chinamobile.cmpp2_0.protocol.PChannel]-[INFO] 登陆回应消息字节码：0000001e8000000100000001390000000000000000000000000000000021
2012-04-16 23:22:04,687 [com.chinamobile.cmpp2_0.protocol.PChannel]-[INFO] 
---------------ConnectRespMessage-------------------
TotalLength: 30 SequenceID : 1 CommandID :CMPP_CONNECT_RESP
Status: 其他错误(57)  ServerVersion :v2.1
----------------------------------------------------

2012-04-16 23:22:04,687 [com.chinamobile.cmpp2_0.protocol.PChannel]-[INFO] 登陆失败，尝试 1 次 登陆到 211.140.12.45 ：7890
2012-04-16 23:25:25,984 [com.chinamobile.cmpp2_0.protocol.PChannel]-[INFO] 通道未初始化，初始化通道...
2012-04-16 23:25:25,984 [com.chinamobile.cmpp2_0.protocol.PChannel]-[INFO] 尝试连接远端服务器211.140.12.45:7890
2012-04-16 23:25:26,187 [com.chinamobile.cmpp2_0.protocol.PChannel]-[INFO] ------------------发送登陆包
2012-04-16 23:25:26,187 [com.chinamobile.cmpp2_0.protocol.PChannel]-[INFO] 登陆消息字节码：000000270000000100000001513631373034c53c4ea20c3a955d749b1e14c5d1bc652018cf344e
2012-04-16 23:25:26,187 [com.chinamobile.cmpp2_0.protocol.PChannel]-[INFO] 
---------------ConnectMessage---------------------
TotalLength: 39 SequenceID : 1 CommandID :CMPP_CONNECT
Source_Addr:Q61704	Secret:kki890	Version:v2.0
--------------------------------------------------

2012-04-16 23:25:30,781 [com.chinamobile.cmpp2_0.protocol.PChannel]-[INFO] TotalLength:30
CommmandID:CMPP_CONNECT_RESP
SequenceID:1
RecvTime:Mon Apr 16 23:25:30 CST 2012

2012-04-16 23:25:30,781 [com.chinamobile.cmpp2_0.protocol.PChannel]-[INFO] 登陆回应消息字节码：0000001e8000000100000001390000000000000000000000000000000021
2012-04-16 23:25:30,781 [com.chinamobile.cmpp2_0.protocol.PChannel]-[INFO] 
---------------ConnectRespMessage-------------------
TotalLength: 30 SequenceID : 1 CommandID :CMPP_CONNECT_RESP
Status: 其他错误(57)  ServerVersion :v2.1
----------------------------------------------------

2012-04-16 23:25:30,781 [com.chinamobile.cmpp2_0.protocol.PChannel]-[INFO] 登陆失败，需要断开连接
2012-04-16 23:25:30,781 [com.chinamobile.cmpp2_0.protocol.PChannel]-[INFO] 设置Socket为null
2012-04-16 23:25:30,796 [com.chinamobile.cmpp2_0.protocol.PChannel]-[INFO] 登陆失败，尝试 1 次 登陆到 211.140.12.45 ：7890
2012-04-16 23:25:40,796 [com.chinamobile.cmpp2_0.protocol.PChannel]-[INFO] 尝试连接远端服务器211.140.12.45:7890
2012-04-16 23:25:40,953 [com.chinamobile.cmpp2_0.protocol.PChannel]-[INFO] ------------------发送登陆包
2012-04-16 23:25:40,953 [com.chinamobile.cmpp2_0.protocol.PChannel]-[INFO] 登陆消息字节码：000000270000000100000002513631373034d826eb384e008c520447f9e5fad4588d2018cf345c
2012-04-16 23:25:40,953 [com.chinamobile.cmpp2_0.protocol.PChannel]-[INFO] 
---------------ConnectMessage---------------------
TotalLength: 39 SequenceID : 2 CommandID :CMPP_CONNECT
Source_Addr:Q61704	Secret:kki890	Version:v2.0
--------------------------------------------------

2012-04-16 23:25:45,656 [com.chinamobile.cmpp2_0.protocol.PChannel]-[INFO] TotalLength:30
CommmandID:CMPP_CONNECT_RESP
SequenceID:2
RecvTime:Mon Apr 16 23:25:45 CST 2012

2012-04-16 23:25:45,656 [com.chinamobile.cmpp2_0.protocol.PChannel]-[INFO] 登陆回应消息字节码：0000001e8000000100000002390000000000000000000000000000000021
2012-04-16 23:25:45,656 [com.chinamobile.cmpp2_0.protocol.PChannel]-[INFO] 
---------------ConnectRespMessage-------------------
TotalLength: 30 SequenceID : 2 CommandID :CMPP_CONNECT_RESP
Status: 其他错误(57)  ServerVersion :v2.1
----------------------------------------------------

2012-04-16 23:25:45,656 [com.chinamobile.cmpp2_0.protocol.PChannel]-[INFO] 登陆失败，需要断开连接
2012-04-16 23:25:45,656 [com.chinamobile.cmpp2_0.protocol.PChannel]-[INFO] 设置Socket为null
2012-04-16 23:25:45,656 [com.chinamobile.cmpp2_0.protocol.PChannel]-[INFO] 登陆失败，尝试 2 次 登陆到 211.140.12.45 ：7890
2012-04-16 23:25:55,656 [com.chinamobile.cmpp2_0.protocol.PChannel]-[INFO] 尝试连接远端服务器211.140.12.45:7890
2012-04-16 23:25:55,796 [com.chinamobile.cmpp2_0.protocol.PChannel]-[INFO] ------------------发送登陆包
2012-04-16 23:25:55,796 [com.chinamobile.cmpp2_0.protocol.PChannel]-[INFO] 登陆消息字节码：0000002700000001000000035136313730343467a90fc66bf37fe971639f63bf28542018cf346b
2012-04-16 23:25:55,796 [com.chinamobile.cmpp2_0.protocol.PChannel]-[INFO] 
---------------ConnectMessage---------------------
TotalLength: 39 SequenceID : 3 CommandID :CMPP_CONNECT
Source_Addr:Q61704	Secret:kki890	Version:v2.0
--------------------------------------------------

2012-04-16 23:26:00,843 [com.chinamobile.cmpp2_0.protocol.PChannel]-[INFO] TotalLength:30
CommmandID:CMPP_CONNECT_RESP
SequenceID:3
RecvTime:Mon Apr 16 23:26:00 CST 2012

2012-04-16 23:26:00,843 [com.chinamobile.cmpp2_0.protocol.PChannel]-[INFO] 登陆回应消息字节码：0000001e8000000100000003390000000000000000000000000000000021
2012-04-16 23:26:00,843 [com.chinamobile.cmpp2_0.protocol.PChannel]-[INFO] 
---------------ConnectRespMessage-------------------
TotalLength: 30 SequenceID : 3 CommandID :CMPP_CONNECT_RESP
Status: 其他错误(57)  ServerVersion :v2.1
----------------------------------------------------

2012-04-16 23:26:00,843 [com.chinamobile.cmpp2_0.protocol.PChannel]-[INFO] 登陆失败，需要断开连接
2012-04-16 23:26:00,843 [com.chinamobile.cmpp2_0.protocol.PChannel]-[INFO] 设置Socket为null
2012-04-16 23:26:00,843 [com.chinamobile.cmpp2_0.protocol.PChannel]-[INFO] 登陆失败，尝试 3 次 登陆到 211.140.12.45 ：7890
2012-04-16 23:35:48,687 [com.chinamobile.cmpp2_0.protocol.PChannel]-[INFO] 通道未初始化，初始化通道...
2012-04-16 23:35:49,703 [com.chinamobile.cmpp2_0.protocol.PChannel]-[INFO] 尝试连接远端服务器211.140.12.45:7890
2012-04-16 23:35:52,703 [com.chinamobile.cmpp2_0.protocol.PChannel]-[INFO] 发送链路检测包
2012-04-16 23:35:52,890 [com.chinamobile.cmpp2_0.protocol.PChannel]-[INFO] ------------------发送登陆包
2012-04-16 23:35:52,906 [com.chinamobile.cmpp2_0.protocol.PChannel]-[INFO] 登陆消息字节码：000000270000000100000002513631373034c6bec42a3df862c8c59aaea88bdd97302018cf3850
2012-04-16 23:35:52,906 [com.chinamobile.cmpp2_0.protocol.PChannel]-[INFO] 
---------------ConnectMessage---------------------
TotalLength: 39 SequenceID : 2 CommandID :CMPP_CONNECT
Source_Addr:Q61704	Secret:kki890	Version:v2.0
--------------------------------------------------

2012-04-16 23:35:56,218 [com.chinamobile.cmpp2_0.protocol.PChannel]-[INFO] TotalLength:30
CommmandID:CMPP_CONNECT_RESP
SequenceID:2
RecvTime:Mon Apr 16 23:35:56 CST 2012

2012-04-16 23:35:56,234 [com.chinamobile.cmpp2_0.protocol.PChannel]-[INFO] 登陆回应消息字节码：0000001e8000000100000002390000000000000000000000000000000021
2012-04-16 23:35:56,234 [com.chinamobile.cmpp2_0.protocol.PChannel]-[INFO] 
---------------ConnectRespMessage-------------------
TotalLength: 30 SequenceID : 2 CommandID :CMPP_CONNECT_RESP
Status: 其他错误(57)  ServerVersion :v2.1
----------------------------------------------------

2012-04-16 23:35:56,234 [com.chinamobile.cmpp2_0.protocol.PChannel]-[INFO] 登陆失败，需要断开连接
2012-04-16 23:35:56,234 [com.chinamobile.cmpp2_0.protocol.PChannel]-[INFO] 设置Socket为null
2012-04-16 23:35:56,234 [com.chinamobile.cmpp2_0.protocol.PChannel]-[INFO] 登陆失败，尝试 1 次 登陆到 211.140.12.45 ：7890
2012-04-16 23:36:52,546 [com.chinamobile.cmpp2_0.protocol.PChannel]-[INFO] 通道未初始化，初始化通道...
2012-04-16 23:36:53,562 [com.chinamobile.cmpp2_0.protocol.PChannel]-[INFO] 初始化发送线程
2012-04-16 23:36:53,562 [com.chinamobile.cmpp2_0.protocol.PChannel]-[INFO] 初始化接收线程
2012-04-16 23:36:53,562 [com.chinamobile.cmpp2_0.protocol.PChannel]-[INFO] 尝试连接远端服务器211.140.12.45:7890
2012-04-16 23:36:53,734 [com.chinamobile.cmpp2_0.protocol.PChannel]-[INFO] ------------------发送登陆包
2012-04-16 23:36:53,734 [com.chinamobile.cmpp2_0.protocol.PChannel]-[INFO] 登陆消息字节码：0000002700000001000000015136313730344f1be224b33d401e93b9e8b81ef2bdd72018cf38b5
2012-04-16 23:36:53,734 [com.chinamobile.cmpp2_0.protocol.PChannel]-[INFO] 
---------------ConnectMessage---------------------
TotalLength: 39 SequenceID : 1 CommandID :CMPP_CONNECT
Source_Addr:Q61704	Secret:kki890	Version:v2.0
--------------------------------------------------

2012-04-16 23:36:56,562 [com.chinamobile.cmpp2_0.protocol.PChannel]-[INFO] 发送链路检测包
2012-04-16 23:36:56,937 [com.chinamobile.cmpp2_0.protocol.PChannel]-[INFO] TotalLength:30
CommmandID:CMPP_CONNECT_RESP
SequenceID:1
RecvTime:Mon Apr 16 23:36:56 CST 2012

2012-04-16 23:36:56,937 [com.chinamobile.cmpp2_0.protocol.PChannel]-[INFO] 登陆回应消息字节码：0000001e8000000100000001390000000000000000000000000000000021
2012-04-16 23:36:56,937 [com.chinamobile.cmpp2_0.protocol.PChannel]-[INFO] 
---------------ConnectRespMessage-------------------
TotalLength: 30 SequenceID : 1 CommandID :CMPP_CONNECT_RESP
Status: 其他错误(57)  ServerVersion :v2.1
----------------------------------------------------

2012-04-16 23:36:56,937 [com.chinamobile.cmpp2_0.protocol.PChannel]-[INFO] 登陆失败，需要断开连接
2012-04-16 23:36:56,937 [com.chinamobile.cmpp2_0.protocol.PChannel]-[INFO] 设置Socket为null
2012-04-16 23:36:56,937 [com.chinamobile.cmpp2_0.protocol.PChannel]-[INFO] 登陆失败，尝试 1 次 登陆到 211.140.12.45 ：7890
2012-04-16 23:37:40,156 [com.chinamobile.cmpp2_0.protocol.PChannel]-[INFO] 通道未初始化，初始化通道...
2012-04-16 23:37:40,171 [com.chinamobile.cmpp2_0.protocol.PChannel]-[INFO] 初始化发送线程
2012-04-16 23:37:40,171 [com.chinamobile.cmpp2_0.protocol.PChannel]-[INFO] 初始化接收线程
2012-04-16 23:37:40,171 [com.chinamobile.cmpp2_0.protocol.PChannel]-[INFO] 尝试连接远端服务器211.140.12.45:7890
2012-04-16 23:37:40,328 [com.chinamobile.cmpp2_0.protocol.PChannel]-[INFO] ------------------发送登陆包
2012-04-16 23:37:40,343 [com.chinamobile.cmpp2_0.protocol.PChannel]-[INFO] 登陆消息字节码：00000027000000010000000151363137303491f80941ce58bbe2be13523ef56a439b2018cf390c
2012-04-16 23:37:40,343 [com.chinamobile.cmpp2_0.protocol.PChannel]-[INFO] 
---------------ConnectMessage---------------------
TotalLength: 39 SequenceID : 1 CommandID :CMPP_CONNECT
Source_Addr:Q61704	Secret:kki890	Version:v2.0
--------------------------------------------------

2012-04-16 23:43:51,203 [com.chinamobile.cmpp2_0.protocol.PChannel]-[INFO] 通道未初始化，初始化通道...
2012-04-16 23:43:51,218 [com.chinamobile.cmpp2_0.protocol.PChannel]-[INFO] 初始化发送线程
2012-04-16 23:43:51,218 [com.chinamobile.cmpp2_0.protocol.PChannel]-[INFO] 初始化接收线程
2012-04-16 23:43:51,218 [com.chinamobile.cmpp2_0.protocol.PChannel]-[INFO] 尝试连接远端服务器211.140.12.45:7890
2012-04-16 23:43:51,375 [com.chinamobile.cmpp2_0.protocol.PChannel]-[INFO] ------------------发送登陆包
2012-04-16 23:43:51,390 [com.chinamobile.cmpp2_0.protocol.PChannel]-[INFO] 登陆消息字节码：000000270000000100000001513631373034a284d97c372258057cbe9dfad6586bc62018cf3b6f
2012-04-16 23:43:51,390 [com.chinamobile.cmpp2_0.protocol.PChannel]-[INFO] 
---------------ConnectMessage---------------------
TotalLength: 39 SequenceID : 1 CommandID :CMPP_CONNECT
Source_Addr:Q61704	Secret:kki890	Version:v2.0
--------------------------------------------------

2012-04-16 23:48:28,750 [com.chinamobile.cmpp2_0.protocol.PChannel]-[INFO] 通道未初始化，初始化通道...
2012-04-16 23:48:28,765 [com.chinamobile.cmpp2_0.protocol.PChannel]-[INFO] 初始化发送线程
2012-04-16 23:48:28,765 [com.chinamobile.cmpp2_0.protocol.PChannel]-[INFO] 初始化接收线程
2012-04-16 23:48:28,765 [com.chinamobile.cmpp2_0.protocol.PChannel]-[INFO] 尝试连接远端服务器211.140.12.45:7890
2012-04-16 23:48:31,796 [com.chinamobile.cmpp2_0.protocol.PChannel]-[INFO] 发送 提交包
2012-04-16 23:48:31,953 [com.chinamobile.cmpp2_0.protocol.PChannel]-[INFO] ------------------发送登陆包
2012-04-16 23:48:31,968 [com.chinamobile.cmpp2_0.protocol.PChannel]-[INFO] 登陆消息字节码：0000002700000001000000025136313730343856ba86618e2d2c1acb5c5e1644f6a32018cf3d4f
2012-04-16 23:48:31,968 [com.chinamobile.cmpp2_0.protocol.PChannel]-[INFO] 
---------------ConnectMessage---------------------
TotalLength: 39 SequenceID : 2 CommandID :CMPP_CONNECT
Source_Addr:Q61704	Secret:kki890	Version:v2.0
--------------------------------------------------

2012-04-16 23:48:34,890 [com.chinamobile.cmpp2_0.protocol.PChannel]-[INFO] TotalLength:30
CommmandID:CMPP_CONNECT_RESP
SequenceID:2
RecvTime:Mon Apr 16 23:48:34 CST 2012

2012-04-16 23:48:34,890 [com.chinamobile.cmpp2_0.protocol.PChannel]-[INFO] 登陆回应消息字节码：0000001e8000000100000002390000000000000000000000000000000021
2012-04-16 23:48:34,890 [com.chinamobile.cmpp2_0.protocol.PChannel]-[INFO] 
---------------ConnectRespMessage-------------------
TotalLength: 30 SequenceID : 2 CommandID :CMPP_CONNECT_RESP
Status: 其他错误(57)  ServerVersion :v2.1
----------------------------------------------------

2012-04-16 23:48:34,890 [com.chinamobile.cmpp2_0.protocol.PChannel]-[INFO] 登陆失败，需要断开连接
2012-04-16 23:48:34,890 [com.chinamobile.cmpp2_0.protocol.PChannel]-[INFO] 设置Socket为null
2012-04-16 23:48:34,890 [com.chinamobile.cmpp2_0.protocol.PChannel]-[INFO] 登陆失败，尝试 1 次 登陆到 211.140.12.45 ：7890
2012-04-16 23:48:44,906 [com.chinamobile.cmpp2_0.protocol.PChannel]-[INFO] 尝试连接远端服务器211.140.12.45:7890
2012-04-16 23:48:45,015 [com.chinamobile.cmpp2_0.protocol.PChannel]-[INFO] ------------------发送登陆包
2012-04-16 23:48:45,015 [com.chinamobile.cmpp2_0.protocol.PChannel]-[INFO] 登陆消息字节码：0000002700000001000000035136313730340e7e1ef3ae7e869da9d229114dbf2b752018cf3d5d
2012-04-16 23:48:45,015 [com.chinamobile.cmpp2_0.protocol.PChannel]-[INFO] 
---------------ConnectMessage---------------------
TotalLength: 39 SequenceID : 3 CommandID :CMPP_CONNECT
Source_Addr:Q61704	Secret:kki890	Version:v2.0
--------------------------------------------------

2012-04-16 23:48:46,453 [com.chinamobile.cmpp2_0.protocol.PChannel]-[INFO] TotalLength:30
CommmandID:CMPP_CONNECT_RESP
SequenceID:3
RecvTime:Mon Apr 16 23:48:46 CST 2012

2012-04-16 23:48:46,453 [com.chinamobile.cmpp2_0.protocol.PChannel]-[INFO] 登陆回应消息字节码：0000001e8000000100000003390000000000000000000000000000000021
2012-04-16 23:48:46,453 [com.chinamobile.cmpp2_0.protocol.PChannel]-[INFO] 
---------------ConnectRespMessage-------------------
TotalLength: 30 SequenceID : 3 CommandID :CMPP_CONNECT_RESP
Status: 其他错误(57)  ServerVersion :v2.1
----------------------------------------------------

2012-04-16 23:48:46,453 [com.chinamobile.cmpp2_0.protocol.PChannel]-[INFO] 登陆失败，需要断开连接
2012-04-16 23:48:46,453 [com.chinamobile.cmpp2_0.protocol.PChannel]-[INFO] 设置Socket为null
2012-04-16 23:48:46,453 [com.chinamobile.cmpp2_0.protocol.PChannel]-[INFO] 登陆失败，尝试 2 次 登陆到 211.140.12.45 ：7890
2012-04-16 23:48:56,453 [com.chinamobile.cmpp2_0.protocol.PChannel]-[INFO] 尝试连接远端服务器211.140.12.45:7890
2012-04-16 23:48:56,578 [com.chinamobile.cmpp2_0.protocol.PChannel]-[INFO] ------------------发送登陆包
2012-04-16 23:48:56,593 [com.chinamobile.cmpp2_0.protocol.PChannel]-[INFO] 登陆消息字节码：000000270000000100000004513631373034ccd00c94ddf92b46eeef0133b1aa3a452018cf3d68
2012-04-16 23:48:56,593 [com.chinamobile.cmpp2_0.protocol.PChannel]-[INFO] 
---------------ConnectMessage---------------------
TotalLength: 39 SequenceID : 4 CommandID :CMPP_CONNECT
Source_Addr:Q61704	Secret:kki890	Version:v2.0
--------------------------------------------------

2012-04-16 23:50:31,078 [com.chinamobile.cmpp2_0.protocol.PChannel]-[INFO] 通道未初始化，初始化通道...
2012-04-16 23:50:31,093 [com.chinamobile.cmpp2_0.protocol.PChannel]-[INFO] 初始化发送线程
2012-04-16 23:50:31,109 [com.chinamobile.cmpp2_0.protocol.PChannel]-[INFO] 初始化接收线程
2012-04-16 23:50:31,109 [com.chinamobile.cmpp2_0.protocol.PChannel]-[INFO] 尝试连接远端服务器211.140.12.45:7890
2012-04-16 23:53:50,140 [com.chinamobile.cmpp2_0.protocol.PChannel]-[INFO] 通道未初始化，初始化通道...
2012-04-16 23:53:50,156 [com.chinamobile.cmpp2_0.protocol.PChannel]-[INFO] 初始化发送线程
2012-04-16 23:53:50,156 [com.chinamobile.cmpp2_0.protocol.PChannel]-[INFO] 初始化接收线程
2012-04-16 23:53:50,156 [com.chinamobile.cmpp2_0.protocol.PChannel]-[INFO] 尝试连接远端服务器211.140.12.45:7890
2012-04-16 23:53:50,312 [com.chinamobile.cmpp2_0.protocol.PChannel]-[INFO] ------------------发送登陆包
2012-04-16 23:53:50,328 [com.chinamobile.cmpp2_0.protocol.PChannel]-[INFO] 登陆消息字节码：00000027000000010000000151363137303440e7dc18d18915efa83bc887f1be78712018cf3f56
2012-04-16 23:53:50,328 [com.chinamobile.cmpp2_0.protocol.PChannel]-[INFO] 
---------------ConnectMessage---------------------
TotalLength: 39 SequenceID : 1 CommandID :CMPP_CONNECT
Source_Addr:Q61704	Secret:kki890	Version:v2.0
--------------------------------------------------

2012-04-16 23:53:50,937 [com.chinamobile.cmpp2_0.protocol.PChannel]-[INFO] TotalLength:30
CommmandID:CMPP_CONNECT_RESP
SequenceID:1
RecvTime:Mon Apr 16 23:53:50 CST 2012

2012-04-16 23:53:50,953 [com.chinamobile.cmpp2_0.protocol.PChannel]-[INFO] 登陆回应消息字节码：0000001e8000000100000001390000000000000000000000000000000021
2012-04-16 23:53:50,953 [com.chinamobile.cmpp2_0.protocol.PChannel]-[INFO] 
---------------ConnectRespMessage-------------------
TotalLength: 30 SequenceID : 1 CommandID :CMPP_CONNECT_RESP
Status: 其他错误(57)  ServerVersion :v2.1
----------------------------------------------------

2012-04-16 23:53:50,953 [com.chinamobile.cmpp2_0.protocol.PChannel]-[INFO] 登陆失败，需要断开连接
2012-04-16 23:53:50,953 [com.chinamobile.cmpp2_0.protocol.PChannel]-[INFO] 设置Socket为null
2012-04-16 23:53:50,953 [com.chinamobile.cmpp2_0.protocol.PChannel]-[INFO] 登陆失败，尝试 1 次 登陆到 211.140.12.45 ：7890
2012-04-16 23:57:51,390 [com.chinamobile.cmpp2_0.protocol.PChannel]-[INFO] 通道未初始化，初始化通道...
2012-04-16 23:57:51,390 [com.chinamobile.cmpp2_0.protocol.PChannel]-[INFO] 初始化发送线程
2012-04-16 23:57:51,390 [com.chinamobile.cmpp2_0.protocol.PChannel]-[INFO] 初始化接收线程
2012-04-16 23:57:51,406 [com.chinamobile.cmpp2_0.protocol.PChannel]-[INFO] 尝试连接远端服务器211.140.12.45:7890
2012-04-16 23:57:51,562 [com.chinamobile.cmpp2_0.protocol.PChannel]-[INFO] ------------------发送登陆包
2012-04-16 23:57:51,562 [com.chinamobile.cmpp2_0.protocol.PChannel]-[INFO] 登陆消息字节码：00000027000000010000000151363137303496896af8c13740bc160bf73f66c2f0b72018cf40e7
2012-04-16 23:57:51,562 [com.chinamobile.cmpp2_0.protocol.PChannel]-[INFO] 
---------------ConnectMessage---------------------
TotalLength: 39 SequenceID : 1 CommandID :CMPP_CONNECT
Source_Addr:Q61704	Secret:kki890	Version:v2.0
--------------------------------------------------

