2012-03-13 20:10:44,015 [com.chinamobile.cmpp2_0.protocol.PChannel]-[INFO] 尝试连接远端服务器211.140.12.45:7890
2012-03-13 20:10:44,515 [com.chinamobile.cmpp2_0.protocol.PChannel]-[INFO] ------------------发送登陆包
2012-03-13 20:10:44,515 [com.chinamobile.cmpp2_0.protocol.PChannel]-[INFO] 
---------------ConnectMessage---------------------
TotalLength: 39 SequenceID : 1 CommandID :CMPP_CONNECT
SPID:914071	Secret:q61132	Version:v2.0
--------------------------------------------------

2012-03-13 20:10:45,312 [com.chinamobile.cmpp2_0.protocol.PChannel]-[INFO] 
---------------ConnectRespMessage-------------------
TotalLength: 30 SequenceID : 1 CommandID :CMPP_CONNECT_RESP
Status: 非法源地址(2)  ServerVersion :v2.1
----------------------------------------------------

2012-03-13 20:10:45,328 [com.chinamobile.cmpp2_0.protocol.PChannel]-[INFO] 登陆失败，尝试 1 次 登陆到 211.140.12.45 ：7890
2012-03-13 20:10:55,328 [com.chinamobile.cmpp2_0.protocol.PChannel]-[INFO] 尝试连接远端服务器211.140.12.45:7890
2012-03-13 20:10:55,562 [com.chinamobile.cmpp2_0.protocol.PChannel]-[INFO] ------------------发送登陆包
2012-03-13 20:10:55,562 [com.chinamobile.cmpp2_0.protocol.PChannel]-[INFO] 
---------------ConnectMessage---------------------
TotalLength: 39 SequenceID : 2 CommandID :CMPP_CONNECT
SPID:914071	Secret:q61132	Version:v2.0
--------------------------------------------------

2012-03-13 20:10:57,625 [com.chinamobile.cmpp2_0.protocol.PChannel]-[INFO] 
---------------ConnectRespMessage-------------------
TotalLength: 30 SequenceID : 2 CommandID :CMPP_CONNECT_RESP
Status: 非法源地址(2)  ServerVersion :v2.1
----------------------------------------------------

2012-03-13 20:10:57,625 [com.chinamobile.cmpp2_0.protocol.PChannel]-[INFO] 登陆失败，尝试 2 次 登陆到 211.140.12.45 ：7890
2012-03-13 20:11:07,625 [com.chinamobile.cmpp2_0.protocol.PChannel]-[INFO] 尝试连接远端服务器211.140.12.45:7890
2012-03-13 20:11:07,875 [com.chinamobile.cmpp2_0.protocol.PChannel]-[INFO] ------------------发送登陆包
2012-03-13 20:11:07,875 [com.chinamobile.cmpp2_0.protocol.PChannel]-[INFO] 
---------------ConnectMessage---------------------
TotalLength: 39 SequenceID : 3 CommandID :CMPP_CONNECT
SPID:914071	Secret:q61132	Version:v2.0
--------------------------------------------------

2012-03-13 20:11:08,375 [com.chinamobile.cmpp2_0.protocol.PChannel]-[INFO] 
---------------ConnectRespMessage-------------------
TotalLength: 30 SequenceID : 3 CommandID :CMPP_CONNECT_RESP
Status: 非法源地址(2)  ServerVersion :v2.1
----------------------------------------------------

2012-03-13 20:11:08,375 [com.chinamobile.cmpp2_0.protocol.PChannel]-[INFO] 登陆失败，尝试 3 次 登陆到 211.140.12.45 ：7890
2012-03-13 20:13:33,390 [com.chinamobile.cmpp2_0.protocol.PChannel]-[INFO] 尝试连接远端服务器211.140.12.45:7890
2012-03-13 20:13:33,687 [com.chinamobile.cmpp2_0.protocol.PChannel]-[INFO] ------------------发送登陆包
2012-03-13 20:13:33,687 [com.chinamobile.cmpp2_0.protocol.PChannel]-[INFO] 
---------------ConnectMessage---------------------
TotalLength: 39 SequenceID : 1 CommandID :CMPP_CONNECT
SPID:914071	Secret:q61132	Version:v2.0
--------------------------------------------------

2012-03-13 20:13:37,796 [com.chinamobile.cmpp2_0.protocol.PChannel]-[INFO] 
---------------ConnectRespMessage-------------------
TotalLength: 30 SequenceID : 1 CommandID :CMPP_CONNECT_RESP
Status: 非法源地址(2)  ServerVersion :v2.1
----------------------------------------------------

2012-03-13 20:13:37,796 [com.chinamobile.cmpp2_0.protocol.PChannel]-[INFO] 登陆失败，尝试 1 次 登陆到 211.140.12.45 ：7890
2012-03-13 20:13:47,796 [com.chinamobile.cmpp2_0.protocol.PChannel]-[INFO] 尝试连接远端服务器211.140.12.45:7890
2012-03-13 20:13:51,046 [com.chinamobile.cmpp2_0.protocol.PChannel]-[INFO] ------------------发送登陆包
2012-03-13 20:13:51,046 [com.chinamobile.cmpp2_0.protocol.PChannel]-[INFO] 
---------------ConnectMessage---------------------
TotalLength: 39 SequenceID : 2 CommandID :CMPP_CONNECT
SPID:914071	Secret:q61132	Version:v2.0
--------------------------------------------------

2012-03-13 20:13:53,656 [com.chinamobile.cmpp2_0.protocol.PChannel]-[INFO] 
---------------ConnectRespMessage-------------------
TotalLength: 30 SequenceID : 2 CommandID :CMPP_CONNECT_RESP
Status: 非法源地址(2)  ServerVersion :v2.1
----------------------------------------------------

2012-03-13 20:13:53,656 [com.chinamobile.cmpp2_0.protocol.PChannel]-[INFO] 登陆失败，尝试 2 次 登陆到 211.140.12.45 ：7890
2012-03-13 20:14:03,656 [com.chinamobile.cmpp2_0.protocol.PChannel]-[INFO] 尝试连接远端服务器211.140.12.45:7890
2012-03-13 20:14:03,921 [com.chinamobile.cmpp2_0.protocol.PChannel]-[INFO] ------------------发送登陆包
2012-03-13 20:14:03,921 [com.chinamobile.cmpp2_0.protocol.PChannel]-[INFO] 
---------------ConnectMessage---------------------
TotalLength: 39 SequenceID : 3 CommandID :CMPP_CONNECT
SPID:914071	Secret:q61132	Version:v2.0
--------------------------------------------------

2012-03-13 20:14:04,671 [com.chinamobile.cmpp2_0.protocol.PChannel]-[INFO] 
---------------ConnectRespMessage-------------------
TotalLength: 30 SequenceID : 3 CommandID :CMPP_CONNECT_RESP
Status: 非法源地址(2)  ServerVersion :v2.1
----------------------------------------------------

2012-03-13 20:14:04,671 [com.chinamobile.cmpp2_0.protocol.PChannel]-[INFO] 登陆失败，尝试 3 次 登陆到 211.140.12.45 ：7890
2012-03-13 20:14:14,671 [com.chinamobile.cmpp2_0.protocol.PChannel]-[INFO] 尝试连接远端服务器211.140.12.45:7890
2012-03-13 20:14:14,921 [com.chinamobile.cmpp2_0.protocol.PChannel]-[INFO] ------------------发送登陆包
2012-03-13 20:14:14,921 [com.chinamobile.cmpp2_0.protocol.PChannel]-[INFO] 
---------------ConnectMessage---------------------
TotalLength: 39 SequenceID : 4 CommandID :CMPP_CONNECT
SPID:914071	Secret:q61132	Version:v2.0
--------------------------------------------------

2012-03-13 20:14:18,703 [com.chinamobile.cmpp2_0.protocol.PChannel]-[INFO] 
---------------ConnectRespMessage-------------------
TotalLength: 30 SequenceID : 4 CommandID :CMPP_CONNECT_RESP
Status: 非法源地址(2)  ServerVersion :v2.1
----------------------------------------------------

2012-03-13 20:14:18,703 [com.chinamobile.cmpp2_0.protocol.PChannel]-[INFO] 登陆失败，尝试 4 次 登陆到 211.140.12.45 ：7890
2012-03-13 20:28:24,859 [com.chinamobile.cmpp2_0.protocol.PChannel]-[INFO] 尝试连接远端服务器211.140.12.45:7890
2012-03-13 20:28:36,843 [com.chinamobile.cmpp2_0.protocol.PChannel]-[INFO] ------------------发送登陆包
2012-03-13 20:28:36,843 [com.chinamobile.cmpp2_0.protocol.PChannel]-[INFO] 
---------------ConnectMessage---------------------
TotalLength: 39 SequenceID : 1 CommandID :CMPP_CONNECT
SPID:914071	Secret:Q61132	Version:v2.0
--------------------------------------------------

2012-03-13 20:28:40,843 [com.chinamobile.cmpp2_0.protocol.PChannel]-[INFO] 
---------------ConnectRespMessage-------------------
TotalLength: 30 SequenceID : 1 CommandID :CMPP_CONNECT_RESP
Status: 非法源地址(2)  ServerVersion :v2.1
----------------------------------------------------

2012-03-13 20:28:40,843 [com.chinamobile.cmpp2_0.protocol.PChannel]-[INFO] 登陆失败，尝试 1 次 登陆到 211.140.12.45 ：7890
2012-03-13 20:29:58,265 [com.chinamobile.cmpp2_0.protocol.PChannel]-[INFO] 尝试连接远端服务器211.140.12.45:7890
2012-03-13 20:29:58,656 [com.chinamobile.cmpp2_0.protocol.PChannel]-[INFO] ------------------发送登陆包
2012-03-13 20:29:58,656 [com.chinamobile.cmpp2_0.protocol.PChannel]-[INFO] 
---------------ConnectMessage---------------------
TotalLength: 39 SequenceID : 1 CommandID :CMPP_CONNECT
SPID:914071	Secret:Q61132	Version:v2.0
--------------------------------------------------

2012-03-13 20:30:00,906 [com.chinamobile.cmpp2_0.protocol.PChannel]-[INFO] 
---------------ConnectRespMessage-------------------
TotalLength: 30 SequenceID : 1 CommandID :CMPP_CONNECT_RESP
Status: 非法源地址(2)  ServerVersion :v2.1
----------------------------------------------------

2012-03-13 20:30:00,906 [com.chinamobile.cmpp2_0.protocol.PChannel]-[INFO] 登陆失败，尝试 1 次 登陆到 211.140.12.45 ：7890
2012-03-13 20:31:23,859 [com.chinamobile.cmpp2_0.protocol.PChannel]-[INFO] 尝试连接远端服务器211.140.12.45:7890
2012-03-13 20:31:24,171 [com.chinamobile.cmpp2_0.protocol.PChannel]-[INFO] 客户端连接地址为：5c0538060bee453/t192.168.1.103
2012-03-13 20:31:24,187 [com.chinamobile.cmpp2_0.protocol.PChannel]-[INFO] ------------------发送登陆包
2012-03-13 20:31:24,187 [com.chinamobile.cmpp2_0.protocol.PChannel]-[INFO] 
---------------ConnectMessage---------------------
TotalLength: 39 SequenceID : 1 CommandID :CMPP_CONNECT
SPID:914071	Secret:Q61132	Version:v2.0
--------------------------------------------------

2012-03-13 20:31:29,109 [com.chinamobile.cmpp2_0.protocol.PChannel]-[INFO] 
---------------ConnectRespMessage-------------------
TotalLength: 30 SequenceID : 1 CommandID :CMPP_CONNECT_RESP
Status: 非法源地址(2)  ServerVersion :v2.1
----------------------------------------------------

2012-03-13 20:31:29,109 [com.chinamobile.cmpp2_0.protocol.PChannel]-[INFO] 登陆失败，尝试 1 次 登陆到 211.140.12.45 ：7890
